<?xml version="1.0" encoding="UTF-8"?>
<testsuite name="BagMainTest" tests="3" skipped="0" failures="0" errors="0" timestamp="2022-10-02T00:52:59" hostname="LAPTOP-RFMCNMFT" time="0.011">
  <properties/>
  <testcase name="TestEnhanceBagsTrue" classname="BagMainTest" time="0.009"/>
  <testcase name="TestCountCrossbodyStraps" classname="BagMainTest" time="0.001"/>
  <testcase name="TestEnhanceBagsFalse" classname="BagMainTest" time="0.001"/>
  <system-out><![CDATA[]]></system-out>
  <system-err><![CDATA[]]></system-err>
</testsuite>
